/*C31*/SET SCHEMA PUBLIC
SET SCHEMA PUBLIC
/*C32*/SET SCHEMA PUBLIC
DISCONNECT
/*C33*/SET SCHEMA PUBLIC
SET SCHEMA PUBLIC
SET SCHEMA PUBLIC
/*C34*/SET SCHEMA PUBLIC
SET SCHEMA PUBLIC
SET SCHEMA PUBLIC
/*C33*/INSERT INTO CATEGORIA VALUES(7,'Bebidas','Gastos de novio','ahorro','2025-12-04 18:58:14.481362',NULL,'royum',NULL)
INSERT INTO SUBCATEGORIA VALUES(8,7,'Subcategor\u00eda por defecto de la categoria','Bebidas',TRUE,TRUE,'2025-12-04 18:58:14.481362',NULL,'system',NULL)
COMMIT
/*C35*/SET SCHEMA PUBLIC
SET SCHEMA PUBLIC
SET SCHEMA PUBLIC
/*C33*/DISCONNECT
/*C34*/DISCONNECT
/*C36*/SET SCHEMA PUBLIC
INSERT INTO META_AHORRO VALUES(6,1,7,'Fondo de emergencia','Ahorro para fondo de emergencia 2025',20000.00,0.00,'2025-01-01','2025-12-31','alta','en_progreso','2025-12-04 19:07:07.398356',NULL,'royum',NULL)
COMMIT
DISCONNECT
